<?xml version="1.0" encoding="UTF-8"?>
<testng-results skipped="0" failed="0" ignored="0" total="1" passed="1">
  <reporter-output>
    <line>
      <![CDATA[Chrome :::: UploadProfilePicTest :: Thread Id :: Thread[main,5,main]]]>
    </line>
  </reporter-output>
  <suite name="Default suite" duration-ms="37787" started-at="2020-12-28T06:45:38Z" finished-at="2020-12-28T06:46:16Z">
    <groups>
    </groups>
    <test name="Default test" duration-ms="37787" started-at="2020-12-28T06:45:38Z" finished-at="2020-12-28T06:46:16Z">
      <class name="com.ecom.CiCdDemoApp.ProfileUploadTest">
        <test-method status="PASS" signature="loadBrowser()[pri:0, instance:com.ecom.CiCdDemoApp.ProfileUploadTest@3f49dace]" name="loadBrowser" is-config="true" duration-ms="3987" started-at="2020-12-28T06:45:38Z" finished-at="2020-12-28T06:45:42Z">
          <reporter-output>
          </reporter-output>
        </test-method> <!-- loadBrowser -->
        <test-method status="PASS" signature="UploadProfilePicTest()[pri:0, instance:com.ecom.CiCdDemoApp.ProfileUploadTest@3f49dace]" name="UploadProfilePicTest" duration-ms="33254" started-at="2020-12-28T06:45:42Z" finished-at="2020-12-28T06:46:15Z">
          <reporter-output>
            <line>
              <![CDATA[Chrome :::: UploadProfilePicTest :: Thread Id :: Thread[main,5,main]]]>
            </line>
          </reporter-output>
        </test-method> <!-- UploadProfilePicTest -->
        <test-method status="PASS" signature="terminateBrowser()[pri:0, instance:com.ecom.CiCdDemoApp.ProfileUploadTest@3f49dace]" name="terminateBrowser" is-config="true" duration-ms="519" started-at="2020-12-28T06:46:15Z" finished-at="2020-12-28T06:46:16Z">
          <reporter-output>
          </reporter-output>
        </test-method> <!-- terminateBrowser -->
      </class> <!-- com.ecom.CiCdDemoApp.ProfileUploadTest -->
    </test> <!-- Default test -->
  </suite> <!-- Default suite -->
</testng-results>
