<?xml version="1.0" encoding="UTF-8"?>
<testng-results skipped="0" failed="0" ignored="0" total="2" passed="2">
  <reporter-output>
    <line>
      <![CDATA[Chrome :::: verifyAmazonHomePageTitle :: Thread Id :: Thread[main,5,main]]]>
    </line>
  </reporter-output>
  <suite name="Default suite" duration-ms="10604" started-at="2020-12-26T20:03:09Z" finished-at="2020-12-26T20:03:20Z">
    <groups>
    </groups>
    <test name="Default test" duration-ms="10604" started-at="2020-12-26T20:03:09Z" finished-at="2020-12-26T20:03:20Z">
      <class name="com.ecom.CiCdDemoApp.AmazonSiteTesting">
        <test-method status="PASS" signature="launchBrowser()[pri:0, instance:com.ecom.CiCdDemoApp.AmazonSiteTesting@27c20538]" name="launchBrowser" is-config="true" duration-ms="10184" started-at="2020-12-26T20:03:09Z" finished-at="2020-12-26T20:03:19Z">
          <reporter-output>
          </reporter-output>
        </test-method> <!-- launchBrowser -->
        <test-method status="PASS" signature="loadAmazonHomePage()[pri:0, instance:com.ecom.CiCdDemoApp.AmazonSiteTesting@27c20538]" name="loadAmazonHomePage" duration-ms="27" started-at="2020-12-26T20:03:19Z" finished-at="2020-12-26T20:03:19Z">
          <reporter-output>
          </reporter-output>
        </test-method> <!-- loadAmazonHomePage -->
        <test-method status="PASS" signature="verifyAmazonHomePageTitle()[pri:0, instance:com.ecom.CiCdDemoApp.AmazonSiteTesting@27c20538]" name="verifyAmazonHomePageTitle" duration-ms="8" started-at="2020-12-26T20:03:19Z" finished-at="2020-12-26T20:03:19Z">
          <reporter-output>
            <line>
              <![CDATA[Chrome :::: verifyAmazonHomePageTitle :: Thread Id :: Thread[main,5,main]]]>
            </line>
          </reporter-output>
        </test-method> <!-- verifyAmazonHomePageTitle -->
        <test-method status="PASS" signature="terminateBrowser()[pri:0, instance:com.ecom.CiCdDemoApp.AmazonSiteTesting@27c20538]" name="terminateBrowser" is-config="true" duration-ms="358" started-at="2020-12-26T20:03:19Z" finished-at="2020-12-26T20:03:20Z">
          <reporter-output>
          </reporter-output>
        </test-method> <!-- terminateBrowser -->
      </class> <!-- com.ecom.CiCdDemoApp.AmazonSiteTesting -->
    </test> <!-- Default test -->
  </suite> <!-- Default suite -->
</testng-results>
